Unloading shared
  WARNING: Did not unuse /cm/shared/modulefiles
ERROR: Unable to locate a modulefile for 'cuda/11.8'
ERROR: Unable to locate a modulefile for 'python/3.9'
Generating Token: 1
Generating Token: 2
Generating Token: 3
Generating Token: 4
Generating Token: 5
Generating Token: 6
Generating Token: 7
Generating Token: 8
Generating Token: 9
Generating Token: 10
Generating Token: 11
Generating Token: 12
Generating Token: 13
Generating Token: 14
Generating Token: 15
Generating Token: 16
Generating Token: 17
Generating Token: 18
Generating Token: 19
Generating Token: 20
Generating Token: 21
Generating Token: 22
Generating Token: 23
Generating Token: 24
Generating Token: 25
Generating Token: 26
Generating Token: 27
Generating Token: 28
Generating Token: 29
Generating Token: 30
Generating Token: 31
Generating Token: 32
Generating Token: 33
Generating Token: 34
Generating Token: 35
Generating Token: 36
Generating Token: 37
Generating Token: 38
Generating Token: 39
Generating Token: 40
Generating Token: 41
Generating Token: 42
Generating Token: 43
Generating Token: 44
Generating Token: 45
Generating Token: 46
Generating Token: 47
Generating Token: 48
Generating Token: 49
Generating Token: 50
Generating Token: 51
Generating Token: 52
Generating Token: 53
Generating Token: 54
Generating Token: 55
Generating Token: 56
Generating Token: 57
Generating Token: 58
Generating Token: 59
Generating Token: 60
Generating Token: 61
Generating Token: 62
Generating Token: 63
Generating Token: 64
Generating Token: 65
Generating Token: 66
Generating Token: 67
Generating Token: 68
Generating Token: 69
Generating Token: 70
Generating Token: 71
Generating Token: 72
Generating Token: 73
Generating Token: 74
Generating Token: 75
Generating Token: 76
Generating Token: 77
Generating Token: 78
Generating Token: 79
Generating Token: 80
Generating Token: 81
Generating Token: 82
Generating Token: 83
Generating Token: 84
Generating Token: 85
Generating Token: 86
Generating Token: 87
Generating Token: 88
Generating Token: 89
Generating Token: 90
Generating Token: 91
Generating Token: 92
Generating Token: 93
Generating Token: 94
Generating Token: 95
Generating Token: 96
Generating Token: 97
Generating Token: 98
Generating Token: 99
Generating Token: 100
Generated Text:
 Once upon a time From the Singapore , the William Cross , [UNK]he [UNK]be the second World War I , the first British woman to secure the Royal Navy and the Navy officers of the United States . He served as a lieutenant of the British Army of the United States . W
